<?xml version="1.0" encoding="UTF-8"?>
<testsuite xmlns:xsi="http://www.w3.org/2001/XMLSchema-instance" xsi:noNamespaceSchemaLocation="https://maven.apache.org/surefire/maven-surefire-plugin/xsd/surefire-test-report.xsd" name="com.datumize.test.ServerTest" time="0.469" tests="4" errors="0" skipped="0" failures="0">
  <properties>
[...]
</properties>
  <testcase name="getProductsByDeptTest" classname="com.datumize.test.ServerTest" time="0.07"/>
  <testcase name="getProductsByDeptCategoryTest" classname="com.datumize.test.ServerTest" time="0"/>
  <testcase name="getProductsByVegCategoryTest" classname="com.datumize.test.ServerTest" time="0"/>
  <testcase name="getProductsByFruitCategoryTest" classname="com.datumize.test.ServerTest" time="0"/>
</testsuite>